# JRE version: Java(TM) SE Runtime Environment (16.0.2+7) (build 16.0.2+7-67)
# Java VM: Java HotSpot(TM) 64-Bit Server VM (16.0.2+7-67, mixed mode, sharing, tiered, compressed oops, compressed class ptrs, g1 gc, windows-amd64)
GC Precious Log:
 CPUs: 12 total, 12 available
 Memory: 7599M
 Large Page Support: Disabled
 NUMA Support: Disabled
 Compressed Oops: Enabled (32-bit)
 Heap Region Size: 1M
 Heap Min Capacity: 8M
 Heap Initial Capacity: 120M
 Heap Max Capacity: 1900M
 Pre-touch: Disabled
 Parallel Workers: 10
 Concurrent Workers: 3
 Concurrent Refinement Workers: 10
 Periodic GC: Disabled
Heap:
 garbage-first heap   total 61440K, used 33019K [0x0000000089400000, 0x0000000100000000)
  region size 1024K, 12 young (12288K), 2 survivors (2048K)
 Metaspace       used 54249K, committed 54656K, reserved 1097728K
  class space    used 6821K, committed 7040K, reserved 1048576K
GC Heap History (20 events):
Event: 4333.125 GC heap before
{Heap before GC invocations=15 (full 0):
 garbage-first heap   total 61440K, used 49338K [0x0000000089400000, 0x0000000100000000)
  region size 1024K, 26 young (26624K), 1 survivors (1024K)
 Metaspace       used 54215K, committed 54592K, reserved 1097728K
  class space    used 6817K, committed 7040K, reserved 1048576K
}
Event: 4333.128 GC heap after
{Heap after GC invocations=16 (full 0):
 garbage-first heap   total 61440K, used 23794K [0x0000000089400000, 0x0000000100000000)
  region size 1024K, 2 young (2048K), 2 survivors (2048K)
 Metaspace       used 54215K, committed 54592K, reserved 1097728K
  class space    used 6817K, committed 7040K, reserved 1048576K
}
Event: 4334.624 GC heap before
{Heap before GC invocations=16 (full 0):
 garbage-first heap   total 61440K, used 49394K [0x0000000089400000, 0x0000000100000000)
  region size 1024K, 27 young (27648K), 2 survivors (2048K)
 Metaspace       used 54215K, committed 54592K, reserved 1097728K
  class space    used 6817K, committed 7040K, reserved 1048576K
}
Event: 4334.627 GC heap after
{Heap after GC invocations=17 (full 0):
 garbage-first heap   total 61440K, used 23724K [0x0000000089400000, 0x0000000100000000)
  region size 1024K, 1 young (1024K), 1 survivors (1024K)
 Metaspace       used 54215K, committed 54592K, reserved 1097728K
  class space    used 6817K, committed 7040K, reserved 1048576K
}
Event: 4336.027 GC heap before
{Heap before GC invocations=17 (full 0):
 garbage-first heap   total 61440K, used 51372K [0x0000000089400000, 0x0000000100000000)
  region size 1024K, 28 young (28672K), 1 survivors (1024K)
 Metaspace       used 54216K, committed 54592K, reserved 1097728K
  class space    used 6817K, committed 7040K, reserved 1048576K
}
Event: 4336.030 GC heap after
{Heap after GC invocations=18 (full 0):
 garbage-first heap   total 61440K, used 23740K [0x0000000089400000, 0x0000000100000000)
  region size 1024K, 1 young (1024K), 1 survivors (1024K)
 Metaspace       used 54216K, committed 54592K, reserved 1097728K
  class space    used 6817K, committed 7040K, reserved 1048576K
}
Event: 4337.498 GC heap before
{Heap before GC invocations=18 (full 0):
 garbage-first heap   total 61440K, used 51388K [0x0000000089400000, 0x0000000100000000)
  region size 1024K, 28 young (28672K), 1 survivors (1024K)
 Metaspace       used 54218K, committed 54592K, reserved 1097728K
  class space    used 6817K, committed 7040K, reserved 1048576K
}
Event: 4337.501 GC heap after
{Heap after GC invocations=19 (full 0):
 garbage-first heap   total 61440K, used 23773K [0x0000000089400000, 0x0000000100000000)
  region size 1024K, 2 young (2048K), 2 survivors (2048K)
 Metaspace       used 54218K, committed 54592K, reserved 1097728K
  class space    used 6817K, committed 7040K, reserved 1048576K
}
Event: 4338.694 GC heap before
{Heap before GC invocations=19 (full 0):
 garbage-first heap   total 61440K, used 51421K [0x0000000089400000, 0x0000000100000000)
  region size 1024K, 29 young (29696K), 2 survivors (2048K)
 Metaspace       used 54220K, committed 54592K, reserved 1097728K
  class space    used 6817K, committed 7040K, reserved 1048576K
}
Event: 4338.696 GC heap after
{Heap after GC invocations=20 (full 0):
 garbage-first heap   total 61440K, used 23768K [0x0000000089400000, 0x0000000100000000)
  region size 1024K, 2 young (2048K), 2 survivors (2048K)
 Metaspace       used 54220K, committed 54592K, reserved 1097728K
  class space    used 6817K, committed 7040K, reserved 1048576K
}
Event: 4340.038 GC heap before
{Heap before GC invocations=20 (full 0):
 garbage-first heap   total 61440K, used 51416K [0x0000000089400000, 0x0000000100000000)
  region size 1024K, 29 young (29696K), 2 survivors (2048K)
 Metaspace       used 54221K, committed 54656K, reserved 1097728K
  class space    used 6817K, committed 7040K, reserved 1048576K
}
Event: 4340.042 GC heap after
{Heap after GC invocations=21 (full 0):
 garbage-first heap   total 61440K, used 23769K [0x0000000089400000, 0x0000000100000000)
  region size 1024K, 2 young (2048K), 2 survivors (2048K)
 Metaspace       used 54221K, committed 54656K, reserved 1097728K
  class space    used 6817K, committed 7040K, reserved 1048576K
}
Event: 4341.385 GC heap before
{Heap before GC invocations=21 (full 0):
 garbage-first heap   total 61440K, used 51417K [0x0000000089400000, 0x0000000100000000)
  region size 1024K, 29 young (29696K), 2 survivors (2048K)
 Metaspace       used 54222K, committed 54656K, reserved 1097728K
  class space    used 6817K, committed 7040K, reserved 1048576K
}
Event: 4341.387 GC heap after
{Heap after GC invocations=22 (full 0):
 garbage-first heap   total 61440K, used 23796K [0x0000000089400000, 0x0000000100000000)
  region size 1024K, 2 young (2048K), 2 survivors (2048K)
 Metaspace       used 54222K, committed 54656K, reserved 1097728K
  class space    used 6817K, committed 7040K, reserved 1048576K
}
Event: 4342.736 GC heap before
{Heap before GC invocations=22 (full 0):
 garbage-first heap   total 61440K, used 51444K [0x0000000089400000, 0x0000000100000000)
  region size 1024K, 29 young (29696K), 2 survivors (2048K)
 Metaspace       used 54222K, committed 54656K, reserved 1097728K
  class space    used 6817K, committed 7040K, reserved 1048576K
}
Event: 4342.739 GC heap after
{Heap after GC invocations=23 (full 0):
 garbage-first heap   total 61440K, used 23793K [0x0000000089400000, 0x0000000100000000)
  region size 1024K, 2 young (2048K), 2 survivors (2048K)
 Metaspace       used 54222K, committed 54656K, reserved 1097728K
  class space    used 6817K, committed 7040K, reserved 1048576K
}
Event: 4344.542 GC heap before
{Heap before GC invocations=23 (full 0):
 garbage-first heap   total 61440K, used 51441K [0x0000000089400000, 0x0000000100000000)
  region size 1024K, 29 young (29696K), 2 survivors (2048K)
 Metaspace       used 54226K, committed 54656K, reserved 1097728K
  class space    used 6818K, committed 7040K, reserved 1048576K
}
Event: 4344.545 GC heap after
{Heap after GC invocations=24 (full 0):
 garbage-first heap   total 61440K, used 23813K [0x0000000089400000, 0x0000000100000000)
  region size 1024K, 2 young (2048K), 2 survivors (2048K)
 Metaspace       used 54226K, committed 54656K, reserved 1097728K
  class space    used 6818K, committed 7040K, reserved 1048576K
}
Event: 4347.153 GC heap before
{Heap before GC invocations=24 (full 0):
 garbage-first heap   total 61440K, used 51461K [0x0000000089400000, 0x0000000100000000)
  region size 1024K, 29 young (29696K), 2 survivors (2048K)
 Metaspace       used 54248K, committed 54656K, reserved 1097728K
  class space    used 6820K, committed 7040K, reserved 1048576K
}
Event: 4347.157 GC heap after
{Heap after GC invocations=25 (full 0):
 garbage-first heap   total 61440K, used 23803K [0x0000000089400000, 0x0000000100000000)
  region size 1024K, 2 young (2048K), 2 survivors (2048K)
 Metaspace       used 54248K, committed 54656K, reserved 1097728K
  class space    used 6820K, committed 7040K, reserved 1048576K
}

